#
# A fatal error has been detected by the Java Runtime Environment:
#
#  EXCEPTION_ACCESS_VIOLATION (0xc0000005) at pc=0x0000000002472861, pid=1644, tid=6860
#
# JRE version: Java(TM) SE Runtime Environment (8.0_65-b17) (build 1.8.0_65-b17)
# Java VM: Java HotSpot(TM) 64-Bit Server VM (25.65-b01 mixed mode windows-amd64 compressed oops)
# Problematic frame:
# j  com.android.dx.ssa.LocalVariableExtractor.processBlock(I)V+72
#
# Failed to write core dump. Minidumps are not enabled by default on client versions of Windows
#
# If you would like to submit a bug report, please visit:
#   http://bugreport.java.com/bugreport/crash.jsp
#

---------------  T H R E A D  ---------------

Current thread (0x00000000166ef000):  JavaThread "pool-2-thread-1" [_thread_in_Java, id=6860, stack(0x0000000016a70000,0x0000000016b70000)]

siginfo: ExceptionCode=0xc0000005, reading address 0x00000000010007e0

Registers:
RAX=0x0000000100067e90, RBX=0x0000000000000000, RCX=0x00000000c057a3e9, RDX=0x00000000010006c0
RSP=0x0000000016b6ecf8, RBP=0x0000000016b6ed48, RSI=0x00000000172656f8, RDI=0x0000000018bfeb80
R8 =0x0000000000750d80, R9 =0x0000000000000000, R10=0x0000000056ba20f0, R11=0x0000000016b6ecc0
R12=0x0000000000000000, R13=0x0000000014759730, R14=0x0000000000000001, R15=0x00000000166ef000
RIP=0x0000000002472861, EFLAGS=0x0000000000010206

Top of Stack: (sp=0x0000000016b6ecf8)
0x0000000016b6ecf8:   0000000002457775 00000000c057a3e9
0x0000000016b6ed08:   0000000016b6ed08 00000000146920a0
0x0000000016b6ed18:   0000000016b6edd8 0000000014692430
0x0000000016b6ed28:   0000000014759730 0000000014692320
0x0000000016b6ed38:   0000000000000000 0000000016b6ede0
0x0000000016b6ed48:   0000000016b6f378 00000000029631c4
0x0000000016b6ed58:   0000000000000000 0000000000000000
0x0000000016b6ed68:   0000000000000000 0000000000000000
0x0000000016b6ed78:   0000000000000000 0000000000000000
0x0000000016b6ed88:   0000000000000000 0000000000000000
0x0000000016b6ed98:   0000000000000000 0000000000000000
0x0000000016b6eda8:   00000000ef45cde8 deaddeaf00000002
0x0000000016b6edb8:   00000000ef45cc68 00000000ef45cc20
0x0000000016b6edc8:   00000000f32bb648 0000000000000000
0x0000000016b6edd8:   00000000f32a9100 00000000ef16a0f8
0x0000000016b6ede8:   00002afa00002afb 00000000ef169c30 

Instructions: (pc=0x0000000002472861)
0x0000000002472841:   49 83 5d 28 00 e9 0e 00 00 00 49 89 55 10 41 be
0x0000000002472851:   01 00 00 00 4d 89 75 18 49 83 c5 30 4c 89 6d e0
0x0000000002472861:   44 8b aa 20 01 00 00 4e 8d ac ea b8 01 00 00 48
0x0000000002472871:   8d 14 da 49 8b 5d 00 48 3b c3 74 16 48 85 db 0f 


Register to memory mapping:

RAX=0x0000000100067e90 is pointing into metadata
RBX=0x0000000000000000 is an unknown value
RCX=0x00000000c057a3e9 is pointing into object: 0x00000000c057a3e8
com.android.dx.rop.type.StdTypeList 
 - klass: 'com/android/dx/rop/type/StdTypeList'
RDX=0x00000000010006c0 is an unknown value
RSP=0x0000000016b6ecf8 is pointing into the stack for thread: 0x00000000166ef000
RBP=0x0000000016b6ed48 is pointing into the stack for thread: 0x00000000166ef000
RSI=0x00000000172656f8 is an unknown value
RDI=0x0000000018bfeb80 is an unknown value
R8 =0x0000000000750d80 is an unknown value
R9 =0x0000000000000000 is an unknown value
R10=0x0000000056ba20f0 is an unknown value
R11=0x0000000016b6ecc0 is pointing into the stack for thread: 0x00000000166ef000
R12=0x0000000000000000 is an unknown value
R13=0x0000000014759730 is pointing into metadata
R14=0x0000000000000001 is an unknown value
R15=0x00000000166ef000 is a thread


Stack: [0x0000000016a70000,0x0000000016b70000],  sp=0x0000000016b6ecf8,  free space=1019k
Native frames: (J=compiled Java code, j=interpreted, Vv=VM code, C=native code)
C  0x0000000002472861


---------------  P R O C E S S  ---------------

Java Threads: ( => current thread )
  0x00000000166fe800 JavaThread "pool-2-thread-4" [_thread_in_Java, id=3664, stack(0x0000000016e70000,0x0000000016f70000)]
  0x00000000166fe000 JavaThread "pool-2-thread-3" [_thread_in_Java, id=5444, stack(0x0000000016d70000,0x0000000016e70000)]
  0x00000000166f9800 JavaThread "pool-2-thread-2" [_thread_in_Java, id=4728, stack(0x0000000016c70000,0x0000000016d70000)]
  0x00000000166f4000 JavaThread "pool-3-thread-1" [_thread_blocked, id=6008, stack(0x0000000016b70000,0x0000000016c70000)]
=>0x00000000166ef000 JavaThread "pool-2-thread-1" [_thread_in_Java, id=6860, stack(0x0000000016a70000,0x0000000016b70000)]
  0x0000000016475800 JavaThread "Service Thread" daemon [_thread_blocked, id=3192, stack(0x0000000016870000,0x0000000016970000)]
  0x0000000014b7b800 JavaThread "C1 CompilerThread2" daemon [_thread_blocked, id=456, stack(0x0000000016370000,0x0000000016470000)]
  0x0000000014b78800 JavaThread "C2 CompilerThread1" daemon [_thread_in_native, id=2744, stack(0x0000000016270000,0x0000000016370000)]
  0x0000000014b1d000 JavaThread "C2 CompilerThread0" daemon [_thread_blocked, id=3388, stack(0x0000000016170000,0x0000000016270000)]
  0x0000000014b1a800 JavaThread "Attach Listener" daemon [_thread_blocked, id=6848, stack(0x0000000016070000,0x0000000016170000)]
  0x0000000014b19000 JavaThread "Signal Dispatcher" daemon [_thread_blocked, id=4440, stack(0x0000000015f70000,0x0000000016070000)]
  0x0000000002440000 JavaThread "Finalizer" daemon [_thread_blocked, id=4000, stack(0x0000000015d80000,0x0000000015e80000)]
  0x000000000243d000 JavaThread "Reference Handler" daemon [_thread_blocked, id=528, stack(0x0000000015c80000,0x0000000015d80000)]
  0x0000000002351000 JavaThread "main" [_thread_in_Java, id=5664, stack(0x0000000002090000,0x0000000002190000)]

Other Threads:
  0x0000000014ae8000 VMThread [stack: 0x0000000015b80000,0x0000000015c80000] [id=1108]
  0x0000000016479800 WatcherThread [stack: 0x0000000016970000,0x0000000016a70000] [id=5552]

VM state:not at safepoint (normal execution)

VM Mutex/Monitor currently owned by a thread: None

Heap:
 PSYoungGen      total 234496K, used 192589K [0x00000000eab00000, 0x0000000100000000, 0x0000000100000000)
  eden space 144384K, 97% used [0x00000000eab00000,0x00000000f346c8e0,0x00000000f3800000)
  from space 90112K, 57% used [0x00000000fa800000,0x00000000fdaa6d38,0x0000000100000000)
  to   space 102400K, 0% used [0x00000000f3800000,0x00000000f3800000,0x00000000f9c00000)
 ParOldGen       total 225280K, used 115405K [0x00000000c0000000, 0x00000000cdc00000, 0x00000000eab00000)
  object space 225280K, 51% used [0x00000000c0000000,0x00000000c70b36e0,0x00000000cdc00000)
 Metaspace       used 6370K, capacity 7192K, committed 7424K, reserved 1056768K
  class space    used 611K, capacity 656K, committed 768K, reserved 1048576K

Card table byte_map: [0x0000000011810000,0x0000000011a20000] byte_map_base: 0x0000000011210000

Marking Bits: (ParMarkBitMap*) 0x0000000056bba5b0
 Begin Bits: [0x0000000011f80000, 0x0000000012f80000)
 End Bits:   [0x0000000012f80000, 0x0000000013f80000)

Polling page: 0x0000000000730000

CodeCache: size=245760Kb used=9248Kb max_used=10829Kb free=236512Kb
 bounds [0x0000000002450000, 0x0000000002f00000, 0x0000000011450000]
 total_blobs=2137 nmethods=1867 adapters=182
 compilation: enabled

Compilation events (10 events):
Event: 24.058 Thread 0x0000000014b1d000 nmethod 2313 0x0000000002ee9f50 code [0x0000000002eea480, 0x0000000002eee970]
Event: 24.059 Thread 0x0000000014b1d000 2206       4       com.android.dx.dex.code.RopTranslator::getRegs (64 bytes)
Event: 24.073 Thread 0x0000000014b1d000 nmethod 2206 0x000000000256ca90 code [0x000000000256cc20, 0x000000000256d0a8]
Event: 24.094 Thread 0x0000000014b7b800 2328       3       com.android.dx.cf.code.Ropper::mergeAndWorkAsNecessary (102 bytes)
Event: 24.095 Thread 0x0000000014b7b800 nmethod 2328 0x0000000002578f10 code [0x0000000002579100, 0x0000000002579c38]
Event: 24.100 Thread 0x0000000014b1d000 2329       4       com.android.dx.rop.code.Rops::pickBinaryOp (158 bytes)
Event: 24.106 Thread 0x0000000014b1d000 nmethod 2329 0x0000000002563790 code [0x0000000002563900, 0x0000000002563b48]
Event: 24.277 Thread 0x0000000014b1d000 2330       4       com.android.dx.cf.code.Ropper::getRopMethod (64 bytes)
Event: 24.308 Thread 0x0000000014b1d000 nmethod 2330 0x00000000025bfbd0 code [0x00000000025bfda0, 0x00000000025c0aa8]
Event: 24.308 Thread 0x0000000014b1d000 2332 %     4       com.android.dx.ssa.SsaMethod::convertRopToSsaBlocks @ 27 (103 bytes)

GC Heap History (10 events):
Event: 11.178 GC heap before
{Heap before GC invocations=8 (full 1):
 PSYoungGen      total 152064K, used 128142K [0x00000000eab00000, 0x00000000f7a80000, 0x0000000100000000)
  eden space 119296K, 100% used [0x00000000eab00000,0x00000000f1f80000,0x00000000f1f80000)
  from space 32768K, 26% used [0x00000000f5a80000,0x00000000f6323b90,0x00000000f7a80000)
  to   space 46592K, 0% used [0x00000000f1f80000,0x00000000f1f80000,0x00000000f4d00000)
 ParOldGen       total 165888K, used 84892K [0x00000000c0000000, 0x00000000ca200000, 0x00000000eab00000)
  object space 165888K, 51% used [0x00000000c0000000,0x00000000c52e7150,0x00000000ca200000)
 Metaspace       used 6242K, capacity 7128K, committed 7424K, reserved 1056768K
  class space    used 610K, capacity 656K, committed 768K, reserved 1048576K
Event: 11.235 GC heap after
Heap after GC invocations=8 (full 1):
 PSYoungGen      total 165888K, used 33786K [0x00000000eab00000, 0x00000000fd800000, 0x0000000100000000)
  eden space 119296K, 0% used [0x00000000eab00000,0x00000000eab00000,0x00000000f1f80000)
  from space 46592K, 72% used [0x00000000f1f80000,0x00000000f407eb28,0x00000000f4d00000)
  to   space 49152K, 0% used [0x00000000fa800000,0x00000000fa800000,0x00000000fd800000)
 ParOldGen       total 165888K, used 84892K [0x00000000c0000000, 0x00000000ca200000, 0x00000000eab00000)
  object space 165888K, 51% used [0x00000000c0000000,0x00000000c52e7150,0x00000000ca200000)
 Metaspace       used 6242K, capacity 7128K, committed 7424K, reserved 1056768K
  class space    used 610K, capacity 656K, committed 768K, reserved 1048576K
}
Event: 16.342 GC heap before
{Heap before GC invocations=9 (full 1):
 PSYoungGen      total 165888K, used 153082K [0x00000000eab00000, 0x00000000fd800000, 0x0000000100000000)
  eden space 119296K, 100% used [0x00000000eab00000,0x00000000f1f80000,0x00000000f1f80000)
  from space 46592K, 72% used [0x00000000f1f80000,0x00000000f407eb28,0x00000000f4d00000)
  to   space 49152K, 0% used [0x00000000fa800000,0x00000000fa800000,0x00000000fd800000)
 ParOldGen       total 165888K, used 84892K [0x00000000c0000000, 0x00000000ca200000, 0x00000000eab00000)
  object space 165888K, 51% used [0x00000000c0000000,0x00000000c52e7150,0x00000000ca200000)
 Metaspace       used 6310K, capacity 7192K, committed 7424K, reserved 1056768K
  class space    used 611K, capacity 656K, committed 768K, reserved 1048576K
Event: 16.912 GC heap after
Heap after GC invocations=9 (full 1):
 PSYoungGen      total 239104K, used 49125K [0x00000000eab00000, 0x00000000ffe80000, 0x0000000100000000)
  eden space 189952K, 0% used [0x00000000eab00000,0x00000000eab00000,0x00000000f6480000)
  from space 49152K, 99% used [0x00000000fa800000,0x00000000fd7f9468,0x00000000fd800000)
  to   space 69120K, 0% used [0x00000000f6480000,0x00000000f6480000,0x00000000fa800000)
 ParOldGen       total 165888K, used 110299K [0x00000000c0000000, 0x00000000ca200000, 0x00000000eab00000)
  object space 165888K, 66% used [0x00000000c0000000,0x00000000c6bb6cf8,0x00000000ca200000)
 Metaspace       used 6310K, capacity 7192K, committed 7424K, reserved 1056768K
  class space    used 611K, capacity 656K, committed 768K, reserved 1048576K
}
Event: 19.017 GC heap before
{Heap before GC invocations=10 (full 1):
 PSYoungGen      total 239104K, used 239077K [0x00000000eab00000, 0x00000000ffe80000, 0x0000000100000000)
  eden space 189952K, 100% used [0x00000000eab00000,0x00000000f6480000,0x00000000f6480000)
  from space 49152K, 99% used [0x00000000fa800000,0x00000000fd7f9468,0x00000000fd800000)
  to   space 69120K, 0% used [0x00000000f6480000,0x00000000f6480000,0x00000000fa800000)
 ParOldGen       total 165888K, used 110299K [0x00000000c0000000, 0x00000000ca200000, 0x00000000eab00000)
  object space 165888K, 66% used [0x00000000c0000000,0x00000000c6bb6cf8,0x00000000ca200000)
 Metaspace       used 6311K, capacity 7192K, committed 7424K, reserved 1056768K
  class space    used 611K, capacity 656K, committed 768K, reserved 1048576K
Event: 19.690 GC heap after
Heap after GC invocations=10 (full 1):
 PSYoungGen      total 259072K, used 69111K [0x00000000eab00000, 0x0000000100000000, 0x0000000100000000)
  eden space 189952K, 0% used [0x00000000eab00000,0x00000000eab00000,0x00000000f6480000)
  from space 69120K, 99% used [0x00000000f6480000,0x00000000fa7fdf98,0x00000000fa800000)
  to   space 90112K, 0% used [0x00000000fa800000,0x00000000fa800000,0x0000000100000000)
 ParOldGen       total 168960K, used 168694K [0x00000000c0000000, 0x00000000ca500000, 0x00000000eab00000)
  object space 168960K, 99% used [0x00000000c0000000,0x00000000ca4bdb30,0x00000000ca500000)
 Metaspace       used 6311K, capacity 7192K, committed 7424K, reserved 1056768K
  class space    used 611K, capacity 656K, committed 768K, reserved 1048576K
}
Event: 19.690 GC heap before
{Heap before GC invocations=11 (full 2):
 PSYoungGen      total 259072K, used 69111K [0x00000000eab00000, 0x0000000100000000, 0x0000000100000000)
  eden space 189952K, 0% used [0x00000000eab00000,0x00000000eab00000,0x00000000f6480000)
  from space 69120K, 99% used [0x00000000f6480000,0x00000000fa7fdf98,0x00000000fa800000)
  to   space 90112K, 0% used [0x00000000fa800000,0x00000000fa800000,0x0000000100000000)
 ParOldGen       total 168960K, used 168694K [0x00000000c0000000, 0x00000000ca500000, 0x00000000eab00000)
  object space 168960K, 99% used [0x00000000c0000000,0x00000000ca4bdb30,0x00000000ca500000)
 Metaspace       used 6311K, capacity 7192K, committed 7424K, reserved 1056768K
  class space    used 611K, capacity 656K, committed 768K, reserved 1048576K
Event: 21.670 GC heap after
Heap after GC invocations=11 (full 2):
 PSYoungGen      total 259072K, used 0K [0x00000000eab00000, 0x0000000100000000, 0x0000000100000000)
  eden space 189952K, 0% used [0x00000000eab00000,0x00000000eab00000,0x00000000f6480000)
  from space 69120K, 0% used [0x00000000f6480000,0x00000000f6480000,0x00000000fa800000)
  to   space 90112K, 0% used [0x00000000fa800000,0x00000000fa800000,0x0000000100000000)
 ParOldGen       total 225280K, used 115397K [0x00000000c0000000, 0x00000000cdc00000, 0x00000000eab00000)
  object space 225280K, 51% used [0x00000000c0000000,0x00000000c70b16e0,0x00000000cdc00000)
 Metaspace       used 6311K, capacity 7192K, committed 7424K, reserved 1056768K
  class space    used 611K, capacity 656K, committed 768K, reserved 1048576K
}
Event: 22.851 GC heap before
{Heap before GC invocations=12 (full 2):
 PSYoungGen      total 259072K, used 189952K [0x00000000eab00000, 0x0000000100000000, 0x0000000100000000)
  eden space 189952K, 100% used [0x00000000eab00000,0x00000000f6480000,0x00000000f6480000)
  from space 69120K, 0% used [0x00000000f6480000,0x00000000f6480000,0x00000000fa800000)
  to   space 90112K, 0% used [0x00000000fa800000,0x00000000fa800000,0x0000000100000000)
 ParOldGen       total 225280K, used 115397K [0x00000000c0000000, 0x00000000cdc00000, 0x00000000eab00000)
  object space 225280K, 51% used [0x00000000c0000000,0x00000000c70b16e0,0x00000000cdc00000)
 Metaspace       used 6353K, capacity 7192K, committed 7424K, reserved 1056768K
  class space    used 611K, capacity 656K, committed 768K, reserved 1048576K
Event: 22.937 GC heap after
Heap after GC invocations=12 (full 2):
 PSYoungGen      total 234496K, used 51867K [0x00000000eab00000, 0x0000000100000000, 0x0000000100000000)
  eden space 144384K, 0% used [0x00000000eab00000,0x00000000eab00000,0x00000000f3800000)
  from space 90112K, 57% used [0x00000000fa800000,0x00000000fdaa6d38,0x0000000100000000)
  to   space 102400K, 0% used [0x00000000f3800000,0x00000000f3800000,0x00000000f9c00000)
 ParOldGen       total 225280K, used 115405K [0x00000000c0000000, 0x00000000cdc00000, 0x00000000eab00000)
  object space 225280K, 51% used [0x00000000c0000000,0x00000000c70b36e0,0x00000000cdc00000)
 Metaspace       used 6353K, capacity 7192K, committed 7424K, reserved 1056768K
  class space    used 611K, capacity 656K, committed 768K, reserved 1048576K
}

Deoptimization events (10 events):
Event: 11.735 Thread 0x00000000166ef000 Uncommon trap: reason=unstable_if action=reinterpret pc=0x0000000002b6d320 method=com.android.dx.ssa.back.IdenticalBlockCombiner.replaceSucc(Lcom/android/dx/rop/code/BasicBlock;II)V @ 30
Event: 13.250 Thread 0x0000000002351000 Uncommon trap: reason=bimorphic action=maybe_recompile pc=0x0000000002cf20d0 method=com.android.dx.cf.code.BytecodeArray.parseInstruction(ILcom/android/dx/cf/code/BytecodeArray$Visitor;)I @ 1130
Event: 13.250 Thread 0x0000000002351000 Uncommon trap: reason=bimorphic action=maybe_recompile pc=0x0000000002cf20d0 method=com.android.dx.cf.code.BytecodeArray.parseInstruction(ILcom/android/dx/cf/code/BytecodeArray$Visitor;)I @ 1130
Event: 22.449 Thread 0x00000000166fe800 Uncommon trap: reason=bimorphic action=maybe_recompile pc=0x0000000002ddd708 method=com.android.dx.cf.code.RopperMachine.run(Lcom/android/dx/cf/code/Frame;II)V @ 988
Event: 22.507 Thread 0x00000000166fe000 Uncommon trap: reason=unstable_if action=reinterpret pc=0x00000000028f68e4 method=java.util.HashMap.putVal(ILjava/lang/Object;Ljava/lang/Object;ZZ)Ljava/lang/Object; @ 162
Event: 22.693 Thread 0x00000000166f9800 Uncommon trap: reason=unstable_if action=reinterpret pc=0x0000000002d941d8 method=com.android.dx.cf.code.Merger.mergeType(Lcom/android/dx/rop/type/TypeBearer;Lcom/android/dx/rop/type/TypeBearer;)Lcom/android/dx/rop/type/TypeBearer; @ 52
Event: 23.296 Thread 0x0000000002351000 Uncommon trap: reason=bimorphic action=maybe_recompile pc=0x0000000002ddd708 method=com.android.dx.cf.code.RopperMachine.run(Lcom/android/dx/cf/code/Frame;II)V @ 988
Event: 23.296 Thread 0x0000000002351000 Uncommon trap: reason=bimorphic action=maybe_recompile pc=0x0000000002ddd708 method=com.android.dx.cf.code.RopperMachine.run(Lcom/android/dx/cf/code/Frame;II)V @ 988
Event: 23.302 Thread 0x0000000002351000 Uncommon trap: reason=bimorphic action=maybe_recompile pc=0x0000000002ddd708 method=com.android.dx.cf.code.RopperMachine.run(Lcom/android/dx/cf/code/Frame;II)V @ 988
Event: 24.436 Thread 0x00000000166ef000 Uncommon trap: reason=class_check action=maybe_recompile pc=0x0000000002ae5fe4 method=com.android.dx.ssa.LocalVariableExtractor.processBlock(I)V @ 72

Internal exceptions (6 events):
Event: 0.616 Thread 0x0000000002351000 Exception <a 'java/lang/NoSuchMethodError': Method sun.misc.Unsafe.defineClass(Ljava/lang/String;[BII)Ljava/lang/Class; name or signature does not match> (0x00000000eab0d4d0) thrown at [C:\workspace\8-2-build-windows-amd64-cygwin\jdk8u65\4987\hotspot\src\sUÉ;·ã?
Event: 0.616 Thread 0x0000000002351000 Exception <a 'java/lang/NoSuchMethodError': Method sun.misc.Unsafe.prefetchRead(Ljava/lang/Object;J)V name or signature does not match> (0x00000000eab0d7b8) thrown at [C:\workspace\8-2-build-windows-amd64-cygwin\jdk8u65\4987\hotspot\src\share\vm\prims\jni.Cý¿Ôâ@
Event: 5.971 Thread 0x00000000166f9800 Implicit null exception at 0x000000000276b3a2 to 0x000000000276b492
Event: 10.973 Thread 0x0000000002351000 Exception <a 'java/lang/ArrayIndexOutOfBoundsException': 18> (0x00000000f0346588) thrown at [C:\workspace\8-2-build-windows-amd64-cygwin\jdk8u65\4987\hotspot\src\share\vm\interpreter\interpreterRuntime.cpp, line 366]
Event: 10.974 Thread 0x0000000002351000 Exception <a 'java/lang/ArrayIndexOutOfBoundsException': 145> (0x00000000f0348108) thrown at [C:\workspace\8-2-build-windows-amd64-cygwin\jdk8u65\4987\hotspot\src\share\vm\interpreter\interpreterRuntime.cpp, line 366]
Event: 10.975 Thread 0x0000000002351000 Exception <a 'java/lang/ArrayIndexOutOfBoundsException'> (0x00000000f03493f0) thrown at [C:\workspace\8-2-build-windows-amd64-cygwin\jdk8u65\4987\hotspot\src\share\vm\runtime\sharedRuntime.cpp, line 605]

Events (10 events):
Event: 24.308 Thread 0x0000000014b1d000 flushing nmethod 0x00000000026ba290
Event: 24.308 Thread 0x0000000014b1d000 flushing nmethod 0x00000000026bba90
Event: 24.308 Thread 0x0000000014b1d000 flushing nmethod 0x00000000026bdfd0
Event: 24.308 Thread 0x0000000014b1d000 flushing nmethod 0x00000000026bef50
Event: 24.308 Thread 0x0000000014b1d000 flushing nmethod 0x00000000026bfc50
Event: 24.308 Thread 0x0000000014b1d000 flushing nmethod 0x00000000026c0310
Event: 24.308 Thread 0x0000000014b1d000 flushing nmethod 0x00000000026c0c10
Event: 24.436 Thread 0x00000000166ef000 Uncommon trap: trap_request=0xffffffde fr.pc=0x0000000002ae5fe4
Event: 24.436 Thread 0x00000000166ef000 DEOPT PACKING pc=0x0000000002ae5fe4 sp=0x0000000016b6ed20
Event: 24.436 Thread 0x00000000166ef000 DEOPT UNPACKING pc=0x000000000249582a sp=0x0000000016b6ecd0 mode 2


Dynamic libraries:
0x00007ff6dd0c0000 - 0x00007ff6dd0f7000 	C:\Program Files\Java\jdk1.8.0_65\bin\java.exe
0x00007ff9cd9b0000 - 0x00007ff9cdb81000 	C:\WINDOWS\SYSTEM32\ntdll.dll
0x00007ff9cd4a0000 - 0x00007ff9cd54b000 	C:\WINDOWS\System32\KERNEL32.DLL
0x00007ff9c9e80000 - 0x00007ff9ca09d000 	C:\WINDOWS\System32\KERNELBASE.dll
0x00007ff9cb080000 - 0x00007ff9cb122000 	C:\WINDOWS\System32\ADVAPI32.dll
0x00007ff9cb370000 - 0x00007ff9cb40e000 	C:\WINDOWS\System32\msvcrt.dll
0x00007ff9cd5e0000 - 0x00007ff9cd639000 	C:\WINDOWS\System32\sechost.dll
0x00007ff9cb130000 - 0x00007ff9cb251000 	C:\WINDOWS\System32\RPCRT4.dll
0x00007ff9cd330000 - 0x00007ff9cd495000 	C:\WINDOWS\System32\USER32.dll
0x00007ff9ca1f0000 - 0x00007ff9ca20e000 	C:\WINDOWS\System32\win32u.dll
0x00007ff9cd880000 - 0x00007ff9cd8b4000 	C:\WINDOWS\System32\GDI32.dll
0x00007ff9ca2b0000 - 0x00007ff9ca432000 	C:\WINDOWS\System32\gdi32full.dll
0x00007ff9bf460000 - 0x00007ff9bf6d9000 	C:\WINDOWS\WinSxS\amd64_microsoft.windows.common-controls_6595b64144ccf1df_6.0.14393.0_none_2d0f50fcbdb171b8\COMCTL32.dll
0x00007ff9cce90000 - 0x00007ff9cd157000 	C:\WINDOWS\System32\combase.dll
0x00007ff9ca0a0000 - 0x00007ff9ca195000 	C:\WINDOWS\System32\ucrtbase.dll
0x00007ff9ca550000 - 0x00007ff9ca5ba000 	C:\WINDOWS\System32\bcryptPrimitives.dll
0x00007ff9cd1c0000 - 0x00007ff9cd1ee000 	C:\WINDOWS\System32\IMM32.DLL
0x0000000057390000 - 0x0000000057462000 	C:\Program Files\Java\jdk1.8.0_65\jre\bin\msvcr100.dll
0x00000000563b0000 - 0x0000000056c39000 	C:\Program Files\Java\jdk1.8.0_65\jre\bin\server\jvm.dll
0x00007ff9cb360000 - 0x00007ff9cb368000 	C:\WINDOWS\System32\PSAPI.DLL
0x00007ff9c83e0000 - 0x00007ff9c83e9000 	C:\WINDOWS\SYSTEM32\WSOCK32.dll
0x00007ff9cd570000 - 0x00007ff9cd5da000 	C:\WINDOWS\System32\WS2_32.dll
0x00007ff9c82d0000 - 0x00007ff9c82f3000 	C:\WINDOWS\SYSTEM32\WINMM.dll
0x00007ff9bfaa0000 - 0x00007ff9bfaaa000 	C:\WINDOWS\SYSTEM32\VERSION.dll
0x00007ff9c82a0000 - 0x00007ff9c82cb000 	C:\WINDOWS\SYSTEM32\WINMMBASE.dll
0x00007ff9ca1a0000 - 0x00007ff9ca1e2000 	C:\WINDOWS\System32\cfgmgr32.dll
0x0000000057380000 - 0x000000005738f000 	C:\Program Files\Java\jdk1.8.0_65\jre\bin\verify.dll
0x0000000057350000 - 0x0000000057379000 	C:\Program Files\Java\jdk1.8.0_65\jre\bin\java.dll
0x0000000057330000 - 0x0000000057346000 	C:\Program Files\Java\jdk1.8.0_65\jre\bin\zip.dll
0x00007ff9cb980000 - 0x00007ff9cce88000 	C:\WINDOWS\System32\SHELL32.dll
0x00007ff9ca5c0000 - 0x00007ff9cac9a000 	C:\WINDOWS\System32\windows.storage.dll
0x00007ff9c9e30000 - 0x00007ff9c9e7c000 	C:\WINDOWS\System32\powrprof.dll
0x00007ff9cd8c0000 - 0x00007ff9cd912000 	C:\WINDOWS\System32\shlwapi.dll
0x00007ff9c9df0000 - 0x00007ff9c9dff000 	C:\WINDOWS\System32\kernel.appcore.dll
0x00007ff9ca440000 - 0x00007ff9ca4e9000 	C:\WINDOWS\System32\shcore.dll
0x00007ff9c9e10000 - 0x00007ff9c9e24000 	C:\WINDOWS\System32\profapi.dll
0x00007ff9c7220000 - 0x00007ff9c73b2000 	C:\WINDOWS\SYSTEM32\dbghelp.dll

VM Arguments:
jvm_args: -Djava.awt.headless=true -Xmx1024M -Dfile.encoding=windows-1252 -Duser.country=US -Duser.language=en -Duser.variant 
java_command: com.android.dx.command.Main --dex --force-jumbo --num-threads=4 --multi-dex --output C:\Users\BradMobile\AndroidStudioProjects\TestApp\app\build\intermediates\transforms\dex\debug\folders\1000\10\com.google.android.gms-play-services-ads-8.3.0_23a5bb163211112489071e792812b95a4d3ba2f1 C:\Users\BradMobile\AndroidStudioProjects\TestApp\app\build\intermediates\exploded-aar\com.google.android.gms\play-services-ads\8.3.0\jars\classes.jar
java_class_path (initial): C:\Users\BradMobile\AppData\Local\Android\sdk\build-tools\23.0.1\lib\dx.jar
Launcher Type: SUN_STANDARD

Environment Variables:
JAVA_HOME=C:\Program Files (x86)\Java\jdk1.8.0_45
PATH=C:\ProgramData\Oracle\Java\javapath;C:\WINDOWS\system32;C:\WINDOWS;C:\WINDOWS\System32\Wbem;C:\WINDOWS\System32\WindowsPowerShell\v1.0\;C:\Users\BradMobile\AppData\Local\Microsoft\WindowsApps;
USERNAME=BradMobile
OS=Windows_NT
PROCESSOR_IDENTIFIER=Intel64 Family 6 Model 42 Stepping 7, GenuineIntel



---------------  S Y S T E M  ---------------

OS: Windows 10.0 , 64 bit Build 14393 (10.0.14393.0)

CPU:total 4 (2 cores per cpu, 2 threads per core) family 6 model 42 stepping 7, cmov, cx8, fxsr, mmx, sse, sse2, sse3, ssse3, sse4.1, sse4.2, popcnt, avx, aes, clmul, ht, tsc, tscinvbit

Memory: 4k page, physical 8297216k(1655216k free), swap 16685824k(7824656k free)

vm_info: Java HotSpot(TM) 64-Bit Server VM (25.65-b01) for windows-amd64 JRE (1.8.0_65-b17), built on Oct  6 2015 16:39:20 by "java_re" with MS VC++ 10.0 (VS2010)

time: Sun Oct 02 12:23:56 2016
elapsed time: 24 seconds (0d 0h 0m 24s)

